Arguments: 
  C:\Program Files\nodejs\node.exe C:\Users\paulr\.yarn\releases\yarn-1.22.19.cjs add -D @sveltejs/adatper-auto

PATH: 
  C:\Program Files\NVIDIA GPU Computing Toolkit\CUDA\v12.3\bin;C:\Program Files\NVIDIA GPU Computing Toolkit\CUDA\v12.3\libnvvp;C:\Windows\System32;C:\Windows;C:\Windows\System32\wbem;C:\Windows\System32\WindowsPowerShell\v1.0\;C:\Windows\System32\OpenSSH\;C:\Program Files (x86)\NVIDIA Corporation\PhysX\Common;C:\Program Files\NVIDIA Corporation\NVIDIA NvDLISR;C:\Windows\System32;C:\Windows;C:\Windows\System32\wbem;C:\Windows\System32\WindowsPowerShell\v1.0\;C:\Windows\System32\OpenSSH\;C:\Program Files\Git\cmd;C:\Program Files (x86)\GnuPG\bin;C:\Users\paulr\AppData\Roaming\nvm;C:\Program Files\nodejs;C:\Program Files\Docker\Docker\resources\bin;C:\ProgramData\chocolatey\bin;C:\Program Files\nodejs\;C:\Program Files\NVIDIA Corporation\Nsight Compute 2023.3.1\;C:\Program Files\HP\HP One Agent;C:\Users\paulr\.cargo\bin;C:\Users\paulr\AppData\Local\Microsoft\WindowsApps;C:\Users\paulr\AppData\Local\Programs\Microsoft VS Code\bin;C:\Users\paulr\AppData\Roaming\nvm;C:\Program Files\nodejs;;c:\users\paulr\.local\bin;c:\users\paulr\appdata\roaming\python\python311\scripts;C:\Users\paulr\AppData\Local\Microsoft\WinGet\Packages\Gyan.FFmpeg_Microsoft.Winget.Source_8wekyb3d8bbwe\ffmpeg-6.0-full_build\bin;C:\Users\paulr\AppData\Roaming\npm

Yarn version: 
  1.22.19

Node version: 
  18.17.1

Platform: 
  win32 x64

Trace: 
  Error: https://registry.yarnpkg.com/@sveltejs%2fadatper-auto: Not found
      at params.callback [as _callback] (C:\Users\paulr\.yarn\releases\yarn-1.22.19.cjs:77675:18)
      at self.callback (C:\Users\paulr\.yarn\releases\yarn-1.22.19.cjs:135297:22)
      at Request.emit (node:events:514:28)
      at Request.<anonymous> (C:\Users\paulr\.yarn\releases\yarn-1.22.19.cjs:136269:10)
      at Request.emit (node:events:514:28)
      at IncomingMessage.<anonymous> (C:\Users\paulr\.yarn\releases\yarn-1.22.19.cjs:136191:12)
      at Object.onceWrapper (node:events:628:28)
      at IncomingMessage.emit (node:events:526:35)
      at endReadableNT (node:internal/streams/readable:1359:12)
      at process.processTicksAndRejections (node:internal/process/task_queues:82:21)

npm manifest: 
  {
  	"name": "svelte-code-editor",
  	"version": "0.0.1",
  	"scripts": {
  		"dev": "vite dev",
  		"build": "vite build && npm run package",
  		"preview": "vite preview",
  		"package": "svelte-kit sync && svelte-package && publint",
  		"prepublishOnly": "npm run package",
  		"check": "svelte-kit sync && svelte-check --tsconfig ./jsconfig.json",
  		"check:watch": "svelte-kit sync && svelte-check --tsconfig ./jsconfig.json --watch"
  	},
  	"exports": {
  		".": {
  			"types": "./dist/index.d.ts",
  			"svelte": "./dist/index.js"
  		}
  	},
  	"files": [
  		"dist",
  		"!dist/**/*.test.*",
  		"!dist/**/*.spec.*"
  	],
  	"peerDependencies": {
  		"svelte": "^4.0.0"
  	},
  	"devDependencies": {
  		"@sveltejs/adapter-auto": "^3.2.5",
  		"@sveltejs/kit": "^2.0.0",
  		"@sveltejs/package": "^2.0.0",
  		"@sveltejs/vite-plugin-svelte": "^3.0.0",
  		"publint": "^0.2.0",
  		"svelte": "^4.2.7",
  		"svelte-check": "^4.0.0",
  		"typescript": "^5.0.0",
  		"vite": "^5.0.11"
  	},
  	"svelte": "./dist/index.js",
  	"types": "./dist/index.d.ts",
  	"type": "module",
  	"dependencies": {
  		"@codemirror/lang-javascript": "^6.2.2",
  		"@codemirror/state": "^6.4.1",
  		"@metastellar/ui-library": "^0.0.19",
  		"codemirror": "^6.0.1",
  		"flowbite-svelte": "^0.46.17"
  	}
  }

yarn manifest: 
  No manifest

Lockfile: 
  # THIS IS AN AUTOGENERATED FILE. DO NOT EDIT THIS FILE DIRECTLY.
  # yarn lockfile v1
  
  
  "@ampproject/remapping@^2.2.1":
    version "2.3.0"
    resolved "https://registry.npmjs.org/@ampproject/remapping/-/remapping-2.3.0.tgz"
    integrity sha512-30iZtAPgz+LTIYoeivqYo853f02jBYSd5uGnGpkFV0M3xOt9aN73erkgYAmZU43x4VfqcnLxW9Kpg3R5LC4YYw==
    dependencies:
      "@jridgewell/gen-mapping" "^0.3.5"
      "@jridgewell/trace-mapping" "^0.3.24"
  
  "@codemirror/autocomplete@^6.0.0":
    version "6.18.1"
    resolved "https://registry.npmjs.org/@codemirror/autocomplete/-/autocomplete-6.18.1.tgz"
    integrity sha512-iWHdj/B1ethnHRTwZj+C1obmmuCzquH29EbcKr0qIjA9NfDeBDJ7vs+WOHsFeLeflE4o+dHfYndJloMKHUkWUA==
    dependencies:
      "@codemirror/language" "^6.0.0"
      "@codemirror/state" "^6.0.0"
      "@codemirror/view" "^6.17.0"
      "@lezer/common" "^1.0.0"
  
  "@codemirror/commands@^6.0.0":
    version "6.6.2"
    resolved "https://registry.npmjs.org/@codemirror/commands/-/commands-6.6.2.tgz"
    integrity sha512-Fq7eWOl1Rcbrfn6jD8FPCj9Auaxdm5nIK5RYOeW7ughnd/rY5AmPg6b+CfsG39ZHdwiwe8lde3q8uR7CF5S0yQ==
    dependencies:
      "@codemirror/language" "^6.0.0"
      "@codemirror/state" "^6.4.0"
      "@codemirror/view" "^6.27.0"
      "@lezer/common" "^1.1.0"
  
  "@codemirror/lang-javascript@^6.2.2":
    version "6.2.2"
    resolved "https://registry.npmjs.org/@codemirror/lang-javascript/-/lang-javascript-6.2.2.tgz"
    integrity sha512-VGQfY+FCc285AhWuwjYxQyUQcYurWlxdKYT4bqwr3Twnd5wP5WSeu52t4tvvuWmljT4EmgEgZCqSieokhtY8hg==
    dependencies:
      "@codemirror/autocomplete" "^6.0.0"
      "@codemirror/language" "^6.6.0"
      "@codemirror/lint" "^6.0.0"
      "@codemirror/state" "^6.0.0"
      "@codemirror/view" "^6.17.0"
      "@lezer/common" "^1.0.0"
      "@lezer/javascript" "^1.0.0"
  
  "@codemirror/language@^6.0.0", "@codemirror/language@^6.6.0":
    version "6.10.3"
    resolved "https://registry.npmjs.org/@codemirror/language/-/language-6.10.3.tgz"
    integrity sha512-kDqEU5sCP55Oabl6E7m5N+vZRoc0iWqgDVhEKifcHzPzjqCegcO4amfrYVL9PmPZpl4G0yjkpTpUO/Ui8CzO8A==
    dependencies:
      "@codemirror/state" "^6.0.0"
      "@codemirror/view" "^6.23.0"
      "@lezer/common" "^1.1.0"
      "@lezer/highlight" "^1.0.0"
      "@lezer/lr" "^1.0.0"
      style-mod "^4.0.0"
  
  "@codemirror/lint@^6.0.0":
    version "6.8.1"
    resolved "https://registry.npmjs.org/@codemirror/lint/-/lint-6.8.1.tgz"
    integrity sha512-IZ0Y7S4/bpaunwggW2jYqwLuHj0QtESf5xcROewY6+lDNwZ/NzvR4t+vpYgg9m7V8UXLPYqG+lu3DF470E5Oxg==
    dependencies:
      "@codemirror/state" "^6.0.0"
      "@codemirror/view" "^6.0.0"
      crelt "^1.0.5"
  
  "@codemirror/search@^6.0.0":
    version "6.5.6"
    resolved "https://registry.npmjs.org/@codemirror/search/-/search-6.5.6.tgz"
    integrity sha512-rpMgcsh7o0GuCDUXKPvww+muLA1pDJaFrpq/CCHtpQJYz8xopu4D1hPcKRoDD0YlF8gZaqTNIRa4VRBWyhyy7Q==
    dependencies:
      "@codemirror/state" "^6.0.0"
      "@codemirror/view" "^6.0.0"
      crelt "^1.0.5"
  
  "@codemirror/state@^6.0.0", "@codemirror/state@^6.4.0", "@codemirror/state@^6.4.1":
    version "6.4.1"
    resolved "https://registry.npmjs.org/@codemirror/state/-/state-6.4.1.tgz"
    integrity sha512-QkEyUiLhsJoZkbumGZlswmAhA7CBU02Wrz7zvH4SrcifbsqwlXShVXg65f3v/ts57W3dqyamEriMhij1Z3Zz4A==
  
  "@codemirror/view@^6.0.0", "@codemirror/view@^6.17.0", "@codemirror/view@^6.23.0", "@codemirror/view@^6.27.0":
    version "6.33.0"
    resolved "https://registry.npmjs.org/@codemirror/view/-/view-6.33.0.tgz"
    integrity sha512-AroaR3BvnjRW8fiZBalAaK+ZzB5usGgI014YKElYZvQdNH5ZIidHlO+cyf/2rWzyBFRkvG6VhiXeAEbC53P2YQ==
    dependencies:
      "@codemirror/state" "^6.4.0"
      style-mod "^4.1.0"
      w3c-keyname "^2.2.4"
  
  "@esbuild/win32-x64@0.21.5":
    version "0.21.5"
    resolved "https://registry.npmjs.org/@esbuild/win32-x64/-/win32-x64-0.21.5.tgz"
    integrity sha512-tQd/1efJuzPC6rCFwEvLtci/xNFcTZknmXs98FYDfGE4wP9ClFV98nyKrzJKVPMhdDnjzLhdUyMX4PsQAPjwIw==
  
  "@floating-ui/core@^1.6.0":
    version "1.6.8"
    resolved "https://registry.npmjs.org/@floating-ui/core/-/core-1.6.8.tgz"
    integrity sha512-7XJ9cPU+yI2QeLS+FCSlqNFZJq8arvswefkZrYI1yQBbftw6FyrZOxYSh+9S7z7TpeWlRt9zJ5IhM1WIL334jA==
    dependencies:
      "@floating-ui/utils" "^0.2.8"
  
  "@floating-ui/dom@^1.6.10":
    version "1.6.11"
    resolved "https://registry.npmjs.org/@floating-ui/dom/-/dom-1.6.11.tgz"
    integrity sha512-qkMCxSR24v2vGkhYDo/UzxfJN3D4syqSjyuTFz6C7XcpU1pASPRieNI0Kj5VP3/503mOfYiGY891ugBX1GlABQ==
    dependencies:
      "@floating-ui/core" "^1.6.0"
      "@floating-ui/utils" "^0.2.8"
  
  "@floating-ui/utils@^0.2.8":
    version "0.2.8"
    resolved "https://registry.npmjs.org/@floating-ui/utils/-/utils-0.2.8.tgz"
    integrity sha512-kym7SodPp8/wloecOpcmSnWJsK7M0E5Wg8UcFA+uO4B9s5d0ywXOEro/8HM9x0rW+TljRzul/14UYz3TleT3ig==
  
  "@jridgewell/gen-mapping@^0.3.5":
    version "0.3.5"
    resolved "https://registry.npmjs.org/@jridgewell/gen-mapping/-/gen-mapping-0.3.5.tgz"
    integrity sha512-IzL8ZoEDIBRWEzlCcRhOaCupYyN5gdIK+Q6fbFdPDg6HqX6jpkItn7DFIpW9LQzXG6Df9sA7+OKnq0qlz/GaQg==
    dependencies:
      "@jridgewell/set-array" "^1.2.1"
      "@jridgewell/sourcemap-codec" "^1.4.10"
      "@jridgewell/trace-mapping" "^0.3.24"
  
  "@jridgewell/resolve-uri@^3.1.0":
    version "3.1.2"
    resolved "https://registry.npmjs.org/@jridgewell/resolve-uri/-/resolve-uri-3.1.2.tgz"
    integrity sha512-bRISgCIjP20/tbWSPWMEi54QVPRZExkuD9lJL+UIxUKtwVJA8wW1Trb1jMs1RFXo1CBTNZ/5hpC9QvmKWdopKw==
  
  "@jridgewell/set-array@^1.2.1":
    version "1.2.1"
    resolved "https://registry.npmjs.org/@jridgewell/set-array/-/set-array-1.2.1.tgz"
    integrity sha512-R8gLRTZeyp03ymzP/6Lil/28tGeGEzhx1q2k703KGWRAI1VdvPIXdG70VJc2pAMw3NA6JKL5hhFu1sJX0Mnn/A==
  
  "@jridgewell/sourcemap-codec@^1.4.10", "@jridgewell/sourcemap-codec@^1.4.14", "@jridgewell/sourcemap-codec@^1.4.15", "@jridgewell/sourcemap-codec@^1.5.0":
    version "1.5.0"
    resolved "https://registry.npmjs.org/@jridgewell/sourcemap-codec/-/sourcemap-codec-1.5.0.tgz"
    integrity sha512-gv3ZRaISU3fjPAgNsriBRqGWQL6quFx04YMPW/zD8XMLsU32mhCCbfbO6KZFLjvYpCZ8zyDEgqsgf+PwPaM7GQ==
  
  "@jridgewell/trace-mapping@^0.3.18", "@jridgewell/trace-mapping@^0.3.24", "@jridgewell/trace-mapping@^0.3.25":
    version "0.3.25"
    resolved "https://registry.npmjs.org/@jridgewell/trace-mapping/-/trace-mapping-0.3.25.tgz"
    integrity sha512-vNk6aEwybGtawWmy/PzwnGDOjCkLWSD2wqvjGGAgOAwCGWySYXfYoxt00IJkTF+8Lb57DwOb3Aa0o9CApepiYQ==
    dependencies:
      "@jridgewell/resolve-uri" "^3.1.0"
      "@jridgewell/sourcemap-codec" "^1.4.14"
  
  "@lezer/common@^1.0.0", "@lezer/common@^1.1.0", "@lezer/common@^1.2.0":
    version "1.2.1"
    resolved "https://registry.npmjs.org/@lezer/common/-/common-1.2.1.tgz"
    integrity sha512-yemX0ZD2xS/73llMZIK6KplkjIjf2EvAHcinDi/TfJ9hS25G0388+ClHt6/3but0oOxinTcQHJLDXh6w1crzFQ==
  
  "@lezer/highlight@^1.0.0", "@lezer/highlight@^1.1.3":
    version "1.2.1"
    resolved "https://registry.npmjs.org/@lezer/highlight/-/highlight-1.2.1.tgz"
    integrity sha512-Z5duk4RN/3zuVO7Jq0pGLJ3qynpxUVsh7IbUbGj88+uV2ApSAn6kWg2au3iJb+0Zi7kKtqffIESgNcRXWZWmSA==
    dependencies:
      "@lezer/common" "^1.0.0"
  
  "@lezer/javascript@^1.0.0":
    version "1.4.18"
    resolved "https://registry.npmjs.org/@lezer/javascript/-/javascript-1.4.18.tgz"
    integrity sha512-Y8BeHOt4LtcxJgXwadtfSeWPrh0XzklcCHnCVT+vOsxqH4gWmunP2ykX+VVOlM/dusyVyiNfG3lv0f10UK+mgA==
    dependencies:
      "@lezer/common" "^1.2.0"
      "@lezer/highlight" "^1.1.3"
      "@lezer/lr" "^1.3.0"
  
  "@lezer/lr@^1.0.0", "@lezer/lr@^1.3.0":
    version "1.4.2"
    resolved "https://registry.npmjs.org/@lezer/lr/-/lr-1.4.2.tgz"
    integrity sha512-pu0K1jCIdnQ12aWNaAVU5bzi7Bd1w54J3ECgANPmYLtQKP0HBj2cE/5coBD66MT10xbtIuUr7tg0Shbsvk0mDA==
    dependencies:
      "@lezer/common" "^1.0.0"
  
  "@metastellar/ui-library@^0.0.19":
    version "0.0.19"
    resolved "https://registry.npmjs.org/@metastellar/ui-library/-/ui-library-0.0.19.tgz"
    integrity sha512-6Kq5+XNLoDdZvh12YIaFsv9t4V11Cn5Sn9YH3tVAPUCD5b4kYO4X4hlX/B2zq4RFnU3PUsH5l4r0/Dp1WK1ojw==
    dependencies:
      "@stellar/stellar-sdk" "^12.0.1"
      flowbite-svelte "^0.46.1"
      svelte-modals "^1.3.0"
      tailwind-merge "^2.3.0"
      ui-kit "^0.20.10"
  
  "@polka/url@^1.0.0-next.24":
    version "1.0.0-next.28"
    resolved "https://registry.npmjs.org/@polka/url/-/url-1.0.0-next.28.tgz"
    integrity sha512-8LduaNlMZGwdZ6qWrKlfa+2M4gahzFkprZiAt2TF8uS0qQgBizKXpXURqvTJ4WtmupWxaLqjRb2UCTe72mu+Aw==
  
  "@popperjs/core@^2.9.3":
    version "2.11.8"
    resolved "https://registry.npmjs.org/@popperjs/core/-/core-2.11.8.tgz"
    integrity sha512-P1st0aksCrn9sGZhp8GMYwBnQsbvAWsZAX44oXNNvLHGqAOcoVxmjZiohstwQ7SqKnbR47akdNi+uleWD8+g6A==
  
  "@rollup/plugin-node-resolve@^15.2.3":
    version "15.3.0"
    resolved "https://registry.npmjs.org/@rollup/plugin-node-resolve/-/plugin-node-resolve-15.3.0.tgz"
    integrity sha512-9eO5McEICxMzJpDW9OnMYSv4Sta3hmt7VtBFz5zR9273suNOydOyq/FrGeGy+KsTRFm8w0SLVhzig2ILFT63Ag==
    dependencies:
      "@rollup/pluginutils" "^5.0.1"
      "@types/resolve" "1.20.2"
      deepmerge "^4.2.2"
      is-module "^1.0.0"
      resolve "^1.22.1"
  
  "@rollup/pluginutils@^5.0.1":
    version "5.1.2"
    resolved "https://registry.npmjs.org/@rollup/pluginutils/-/pluginutils-5.1.2.tgz"
    integrity sha512-/FIdS3PyZ39bjZlwqFnWqCOVnW7o963LtKMwQOD0NhQqw22gSr2YY1afu3FxRip4ZCZNsD5jq6Aaz6QV3D/Njw==
    dependencies:
      "@types/estree" "^1.0.0"
      estree-walker "^2.0.2"
      picomatch "^2.3.1"
  
  "@rollup/rollup-win32-x64-msvc@4.22.4":
    version "4.22.4"
    resolved "https://registry.npmjs.org/@rollup/rollup-win32-x64-msvc/-/rollup-win32-x64-msvc-4.22.4.tgz"
    integrity sha512-j8pPKp53/lq9lMXN57S8cFz0MynJk8OWNuUnXct/9KCpKU7DgU3bYMJhwWmcqC0UU29p8Lr0/7KEVcaM6bf47Q==
  
  "@stellar/js-xdr@^3.1.2":
    version "3.1.2"
    resolved "https://registry.npmjs.org/@stellar/js-xdr/-/js-xdr-3.1.2.tgz"
    integrity sha512-VVolPL5goVEIsvuGqDc5uiKxV03lzfWdvYg1KikvwheDmTBO68CKDji3bAZ/kppZrx5iTA8z3Ld5yuytcvhvOQ==
  
  "@stellar/stellar-base@^12.1.1":
    version "12.1.1"
    resolved "https://registry.npmjs.org/@stellar/stellar-base/-/stellar-base-12.1.1.tgz"
    integrity sha512-gOBSOFDepihslcInlqnxKZdIW9dMUO1tpOm3AtJR33K2OvpXG6SaVHCzAmCFArcCqI9zXTEiSoh70T48TmiHJA==
    dependencies:
      "@stellar/js-xdr" "^3.1.2"
      base32.js "^0.1.0"
      bignumber.js "^9.1.2"
      buffer "^6.0.3"
      sha.js "^2.3.6"
      tweetnacl "^1.0.3"
    optionalDependencies:
      sodium-native "^4.1.1"
  
  "@stellar/stellar-sdk@^12.0.1":
    version "12.3.0"
    resolved "https://registry.npmjs.org/@stellar/stellar-sdk/-/stellar-sdk-12.3.0.tgz"
    integrity sha512-F2DYFop/M5ffXF0lvV5Ezjk+VWNKg0QDX8gNhwehVU3y5LYA3WAY6VcCarMGPaG9Wdgoeh1IXXzOautpqpsltw==
    dependencies:
      "@stellar/stellar-base" "^12.1.1"
      axios "^1.7.7"
      bignumber.js "^9.1.2"
      eventsource "^2.0.2"
      randombytes "^2.1.0"
      toml "^3.0.0"
      urijs "^1.19.1"
  
  "@sveltejs/adapter-auto@^3.2.5":
    version "3.2.5"
    resolved "https://registry.npmjs.org/@sveltejs/adapter-auto/-/adapter-auto-3.2.5.tgz"
    integrity sha512-27LR+uKccZ62lgq4N/hvyU2G+hTP9fxWEAfnZcl70HnyfAjMSsGk1z/SjAPXNCD1mVJIE7IFu3TQ8cQ/UH3c0A==
    dependencies:
      import-meta-resolve "^4.1.0"
  
  "@sveltejs/kit@^2.0.0":
    version "2.5.28"
    resolved "https://registry.npmjs.org/@sveltejs/kit/-/kit-2.5.28.tgz"
    integrity sha512-/O7pvFGBsQPcFa9UrW8eUC5uHTOXLsUp3SN0dY6YmRAL9nfPSrJsSJk//j5vMpinSshzUjteAFcfQTU+04Ka1w==
    dependencies:
      "@types/cookie" "^0.6.0"
      cookie "^0.6.0"
      devalue "^5.0.0"
      esm-env "^1.0.0"
      import-meta-resolve "^4.1.0"
      kleur "^4.1.5"
      magic-string "^0.30.5"
      mrmime "^2.0.0"
      sade "^1.8.1"
      set-cookie-parser "^2.6.0"
      sirv "^2.0.4"
      tiny-glob "^0.2.9"
  
  "@sveltejs/package@^2.0.0":
    version "2.3.5"
    resolved "https://registry.npmjs.org/@sveltejs/package/-/package-2.3.5.tgz"
    integrity sha512-fxWSG+pJHxWwcKltG+JoQ+P1CPO7NHVuZD1Gchi/1mNN6C60yD/voHeeXlqr0HHGkvIrpAjRIHLjsavI77Qsiw==
    dependencies:
      chokidar "^4.0.0"
      kleur "^4.1.5"
      sade "^1.8.1"
      semver "^7.5.4"
      svelte2tsx "~0.7.16"
  
  "@sveltejs/vite-plugin-svelte-inspector@^2.1.0":
    version "2.1.0"
    resolved "https://registry.npmjs.org/@sveltejs/vite-plugin-svelte-inspector/-/vite-plugin-svelte-inspector-2.1.0.tgz"
    integrity sha512-9QX28IymvBlSCqsCll5t0kQVxipsfhFFL+L2t3nTWfXnddYwxBuAEtTtlaVQpRz9c37BhJjltSeY4AJSC03SSg==
    dependencies:
      debug "^4.3.4"
  
  "@sveltejs/vite-plugin-svelte@^3.0.0", "@sveltejs/vite-plugin-svelte@^3.0.0 || ^4.0.0-next.1":
    version "3.1.2"
    resolved "https://registry.npmjs.org/@sveltejs/vite-plugin-svelte/-/vite-plugin-svelte-3.1.2.tgz"
    integrity sha512-Txsm1tJvtiYeLUVRNqxZGKR/mI+CzuIQuc2gn+YCs9rMTowpNZ2Nqt53JdL8KF9bLhAf2ruR/dr9eZCwdTriRA==
    dependencies:
      "@sveltejs/vite-plugin-svelte-inspector" "^2.1.0"
      debug "^4.3.4"
      deepmerge "^4.3.1"
      kleur "^4.1.5"
      magic-string "^0.30.10"
      svelte-hmr "^0.16.0"
      vitefu "^0.2.5"
  
  "@types/cookie@^0.6.0":
    version "0.6.0"
    resolved "https://registry.npmjs.org/@types/cookie/-/cookie-0.6.0.tgz"
    integrity sha512-4Kh9a6B2bQciAhf7FSuMRRkUWecJgJu9nPnx3yzpsfXX/c50REIqpHY4C82bXP90qrLtXtkDxTZosYO3UpOwlA==
  
  "@types/estree@*", "@types/estree@^1.0.0", "@types/estree@^1.0.1":
    version "1.0.6"
    resolved "https://registry.npmjs.org/@types/estree/-/estree-1.0.6.tgz"
    integrity sha512-AYnb1nQyY49te+VRAVgmzfcgjYS91mY5P0TKUDCLEM+gNnA+3T6rWITXRLYCpahpqSQbN5cE+gHpnPyXjHWxcw==
  
  "@types/estree@1.0.5":
    version "1.0.5"
    resolved "https://registry.npmjs.org/@types/estree/-/estree-1.0.5.tgz"
    integrity sha512-/kYRxGDLWzHOB7q+wtSUQlFrtcdUccpfy+X+9iMBpHK8QLLhx2wIPYuS5DYtR9Wa/YlZAbIovy7qVdB1Aq6Lyw==
  
  "@types/resolve@1.20.2":
    version "1.20.2"
    resolved "https://registry.npmjs.org/@types/resolve/-/resolve-1.20.2.tgz"
    integrity sha512-60BCwRFOZCQhDncwQdxxeOEEkbc5dIMccYLwbxsS4TUNeVECQ/pBJ0j09mrHOl/JJvpRPGwO9SvE4nR2Nb/a4Q==
  
  "@yr/monotone-cubic-spline@^1.0.3":
    version "1.0.3"
    resolved "https://registry.npmjs.org/@yr/monotone-cubic-spline/-/monotone-cubic-spline-1.0.3.tgz"
    integrity sha512-FQXkOta0XBSUPHndIKON2Y9JeQz5ZeMqLYZVVK93FliNBFm7LNMIZmY6FrMEB9XPcDbE2bekMbZD6kzDkxwYjA==
  
  acorn@^8.10.0, acorn@^8.9.0:
    version "8.12.1"
    resolved "https://registry.npmjs.org/acorn/-/acorn-8.12.1.tgz"
    integrity sha512-tcpGyI9zbizT9JbV6oYE477V6mTlXvvi0T0G3SNIYE2apm/G5huBa1+K89VGeovbg+jycCrfhl3ADxErOuO6Jg==
  
  anymatch@~3.1.2:
    version "3.1.3"
    resolved "https://registry.npmjs.org/anymatch/-/anymatch-3.1.3.tgz"
    integrity sha512-KMReFUr0B4t+D+OBkjR3KYqvocp2XaSzO55UcB6mgQMd3KbcE+mWTyvVV7D/zsdEbNnV6acZUutkiHQXvTr1Rw==
    dependencies:
      normalize-path "^3.0.0"
      picomatch "^2.0.4"
  
  apexcharts@^3.53.0:
    version "3.53.0"
    resolved "https://registry.npmjs.org/apexcharts/-/apexcharts-3.53.0.tgz"
    integrity sha512-QESZHZY3w9LPQ64PGh1gEdfjYjJ5Jp+Dfy0D/CLjsLOPTpXzdxwlNMqRj+vPbTcP0nAHgjWv1maDqcEq6u5olw==
    dependencies:
      "@yr/monotone-cubic-spline" "^1.0.3"
      svg.draggable.js "^2.2.2"
      svg.easing.js "^2.0.0"
      svg.filter.js "^2.0.2"
      svg.pathmorphing.js "^0.1.3"
      svg.resize.js "^1.4.3"
      svg.select.js "^3.0.1"
  
  aria-query@^5.3.0:
    version "5.3.2"
    resolved "https://registry.npmjs.org/aria-query/-/aria-query-5.3.2.tgz"
    integrity sha512-COROpnaoap1E2F000S62r6A60uHZnmlvomhfyT2DlTcrY1OrBKn2UhH7qn5wTC9zMvD0AY7csdPSNwKP+7WiQw==
  
  asynckit@^0.4.0:
    version "0.4.0"
    resolved "https://registry.npmjs.org/asynckit/-/asynckit-0.4.0.tgz"
    integrity sha512-Oei9OH4tRh0YqU3GxhX79dM/mwVgvbZJaSNaRk+bshkj0S5cfHcgYakreBjrHwatXKbz+IoIdYLxrKim2MjW0Q==
  
  axios@^1.7.7:
    version "1.7.7"
    resolved "https://registry.npmjs.org/axios/-/axios-1.7.7.tgz"
    integrity sha512-S4kL7XrjgBmvdGut0sN3yJxqYzrDOnivkBiN0OFs6hLiUam3UPvswUo0kqGyhqUZGEOytHyumEdXsAkgCOUf3Q==
    dependencies:
      follow-redirects "^1.15.6"
      form-data "^4.0.0"
      proxy-from-env "^1.1.0"
  
  axobject-query@^4.0.0:
    version "4.1.0"
    resolved "https://registry.npmjs.org/axobject-query/-/axobject-query-4.1.0.tgz"
    integrity sha512-qIj0G9wZbMGNLjLmg1PT6v2mE9AH2zlnADJD/2tC6E00hgmhUOfEB6greHPAfLRSufHqROIUTkw6E+M3lH0PTQ==
  
  balanced-match@^1.0.0:
    version "1.0.2"
    resolved "https://registry.npmjs.org/balanced-match/-/balanced-match-1.0.2.tgz"
    integrity sha512-3oSeUO0TMV67hN1AmbXsK4yaqU7tjiHlbxRDZOpH0KW9+CeX4bRAaX0Anxt0tx2MrpRpWwQaPwIlISEJhYU5Pw==
  
  base32.js@^0.1.0:
    version "0.1.0"
    resolved "https://registry.npmjs.org/base32.js/-/base32.js-0.1.0.tgz"
    integrity sha512-n3TkB02ixgBOhTvANakDb4xaMXnYUVkNoRFJjQflcqMQhyEKxEHdj3E6N8t8sUQ0mjH/3/JxzlXuz3ul/J90pQ==
  
  base64-js@^1.3.1:
    version "1.5.1"
    resolved "https://registry.npmjs.org/base64-js/-/base64-js-1.5.1.tgz"
    integrity sha512-AKpaYlHn8t4SVbOHCy+b5+KKgvR4vrsD8vbvrbiQJps7fKDTkjkDry6ji0rUJjC0kzbNePLwzxq8iypo41qeWA==
  
  bignumber.js@^9.1.2:
    version "9.1.2"
    resolved "https://registry.npmjs.org/bignumber.js/-/bignumber.js-9.1.2.tgz"
    integrity sha512-2/mKyZH9K85bzOEfhXDBFZTGd1CTs+5IHpeFQo9luiBG7hghdC851Pj2WAhb6E3R6b9tZj/XKhbg4fum+Kepug==
  
  binary-extensions@^2.0.0:
    version "2.3.0"
    resolved "https://registry.npmjs.org/binary-extensions/-/binary-extensions-2.3.0.tgz"
    integrity sha512-Ceh+7ox5qe7LJuLHoY0feh3pHuUDHAcRUeyL2VYghZwfpkNIy/+8Ocg0a3UuSoYzavmylwuLWQOf3hl0jjMMIw==
  
  brace-expansion@^2.0.1:
    version "2.0.1"
    resolved "https://registry.npmjs.org/brace-expansion/-/brace-expansion-2.0.1.tgz"
    integrity sha512-XnAIvQ8eM+kC6aULx6wuQiwVsnzsi9d3WxzV3FpWTGA19F621kwdbsAcFKXgKUHZWsy+mY6iL1sHTxWEFCytDA==
    dependencies:
      balanced-match "^1.0.0"
  
  braces@~3.0.2:
    version "3.0.3"
    resolved "https://registry.npmjs.org/braces/-/braces-3.0.3.tgz"
    integrity sha512-yQbXgO/OSZVD2IsiLlro+7Hf6Q18EJrKSEsdoMzKePKXct3gvD8oLcOQdIzGupr5Fj+EDe8gO/lxc1BzfMpxvA==
    dependencies:
      fill-range "^7.1.1"
  
  buffer@^6.0.3:
    version "6.0.3"
    resolved "https://registry.npmjs.org/buffer/-/buffer-6.0.3.tgz"
    integrity sha512-FTiCpNxtwiZZHEZbcbTIcZjERVICn9yq/pDFkTl95/AxzD1naBctN7YO68riM/gLSDY7sdrMby8hofADYuuqOA==
    dependencies:
      base64-js "^1.3.1"
      ieee754 "^1.2.1"
  
  chokidar@^3.4.1:
    version "3.6.0"
    resolved "https://registry.npmjs.org/chokidar/-/chokidar-3.6.0.tgz"
    integrity sha512-7VT13fmjotKpGipCW9JEQAusEPE+Ei8nl6/g4FBAmIm0GOOLMua9NDDo/DWp0ZAxCr3cPq5ZpBqmPAQgDda2Pw==
    dependencies:
      anymatch "~3.1.2"
      braces "~3.0.2"
      glob-parent "~5.1.2"
      is-binary-path "~2.1.0"
      is-glob "~4.0.1"
      normalize-path "~3.0.0"
      readdirp "~3.6.0"
    optionalDependencies:
      fsevents "~2.3.2"
  
  chokidar@^4.0.0:
    version "4.0.1"
    resolved "https://registry.npmjs.org/chokidar/-/chokidar-4.0.1.tgz"
    integrity sha512-n8enUVCED/KVRQlab1hr3MVpcVMvxtZjmEa956u+4YijlmQED223XMSYj2tLuKvr4jcCTzNNMpQDUer72MMmzA==
    dependencies:
      readdirp "^4.0.1"
  
  code-red@^1.0.3:
    version "1.0.4"
    resolved "https://registry.npmjs.org/code-red/-/code-red-1.0.4.tgz"
    integrity sha512-7qJWqItLA8/VPVlKJlFXU+NBlo/qyfs39aJcuMT/2ere32ZqvF5OSxgdM5xOfJJ7O429gg2HM47y8v9P+9wrNw==
    dependencies:
      "@jridgewell/sourcemap-codec" "^1.4.15"
      "@types/estree" "^1.0.1"
      acorn "^8.10.0"
      estree-walker "^3.0.3"
      periscopic "^3.1.0"
  
  codemirror@^6.0.1:
    version "6.0.1"
    resolved "https://registry.npmjs.org/codemirror/-/codemirror-6.0.1.tgz"
    integrity sha512-J8j+nZ+CdWmIeFIGXEFbFPtpiYacFMDR8GlHK3IyHQJMCaVRfGx9NT+Hxivv1ckLWPvNdZqndbr/7lVhrf/Svg==
    dependencies:
      "@codemirror/autocomplete" "^6.0.0"
      "@codemirror/commands" "^6.0.0"
      "@codemirror/language" "^6.0.0"
      "@codemirror/lint" "^6.0.0"
      "@codemirror/search" "^6.0.0"
      "@codemirror/state" "^6.0.0"
      "@codemirror/view" "^6.0.0"
  
  color-convert@0.5.x:
    version "0.5.3"
    resolved "https://registry.npmjs.org/color-convert/-/color-convert-0.5.3.tgz"
    integrity sha512-RwBeO/B/vZR3dfKL1ye/vx8MHZ40ugzpyfeVG5GsiuGnrlMWe2o8wxBbLCpw9CsxV+wHuzYlCiWnybrIA0ling==
  
  color-name@1.0.x:
    version "1.0.1"
    resolved "https://registry.npmjs.org/color-name/-/color-name-1.0.1.tgz"
    integrity sha512-ipj55CYipJcmYpiDwpDRZ91iMJOnsTW9wICiE1efyPWadY2FapkgfTvB8IJLxf5muHHrpKVVxhEnv03UIshOJQ==
  
  color-string@0.2.x:
    version "0.2.4"
    resolved "https://registry.npmjs.org/color-string/-/color-string-0.2.4.tgz"
    integrity sha512-1H8eG8inthYR165AUuww8VNXnH+UWaoX4IKPHGFhCKjABwJS0CGGQ6Q5fJJVnpPs+9wN0/jWPe504oQi8OSJdA==
    dependencies:
      color-name "1.0.x"
  
  color@^0.7.3:
    version "0.7.3"
    resolved "https://registry.npmjs.org/color/-/color-0.7.3.tgz"
    integrity sha512-vK6kZPf/CMuUR363c8jgulaP/45liRfkDJVijx5ZLhk8MVg5Yzst1ZHMpAbRIBkbhMsQZmwcD2sjpCpWCx06Tw==
    dependencies:
      color-convert "0.5.x"
      color-string "0.2.x"
  
  combined-stream@^1.0.8:
    version "1.0.8"
    resolved "https://registry.npmjs.org/combined-stream/-/combined-stream-1.0.8.tgz"
    integrity sha512-FQN4MRfuJeHf7cBbBMJFXhKSDq+2kAArBlmRBvcvFE5BB1HZKXtSFASDhdlz9zOYwxh8lDdnvmMOe/+5cdoEdg==
    dependencies:
      delayed-stream "~1.0.0"
  
  cookie@^0.6.0:
    version "0.6.0"
    resolved "https://registry.npmjs.org/cookie/-/cookie-0.6.0.tgz"
    integrity sha512-U71cyTamuh1CRNCfpGY6to28lxvNwPG4Guz/EVjgf3Jmzv0vlDp1atT9eS5dDjMYHucpHbWns6Lwf3BKz6svdw==
  
  crelt@^1.0.5:
    version "1.0.6"
    resolved "https://registry.npmjs.org/crelt/-/crelt-1.0.6.tgz"
    integrity sha512-VQ2MBenTq1fWZUH9DJNGti7kKv6EeAuYr3cLwxUWhIu1baTaXh4Ib5W2CqHVqib4/MqbYGJqiL3Zb8GJZr3l4g==
  
  css-tree@^2.3.1:
    version "2.3.1"
    resolved "https://registry.npmjs.org/css-tree/-/css-tree-2.3.1.tgz"
    integrity sha512-6Fv1DV/TYw//QF5IzQdqsNDjx/wc8TrMBZsqjL9eW01tWb7R7k/mq+/VXfJCl7SoD5emsJop9cOByJZfs8hYIw==
    dependencies:
      mdn-data "2.0.30"
      source-map-js "^1.0.1"
  
  debounce@^1.0.0:
    version "1.2.1"
    resolved "https://registry.npmjs.org/debounce/-/debounce-1.2.1.tgz"
    integrity sha512-XRRe6Glud4rd/ZGQfiV1ruXSfbvfJedlV9Y6zOlP+2K04vBYiJEte6stfFkCP03aMnY5tsipamumUjL14fofug==
  
  debug@^4.3.4:
    version "4.3.7"
    resolved "https://registry.npmjs.org/debug/-/debug-4.3.7.tgz"
    integrity sha512-Er2nc/H7RrMXZBFCEim6TCmMk02Z8vLC2Rbi1KEBggpo0fS6l0S1nnapwmIi3yW/+GOJap1Krg4w0Hg80oCqgQ==
    dependencies:
      ms "^2.1.3"
  
  dedent-js@^1.0.1:
    version "1.0.1"
    resolved "https://registry.npmjs.org/dedent-js/-/dedent-js-1.0.1.tgz"
    integrity sha512-OUepMozQULMLUmhxS95Vudo0jb0UchLimi3+pQ2plj61Fcy8axbP9hbiD4Sz6DPqn6XG3kfmziVfQ1rSys5AJQ==
  
  deepmerge@^4.2.2, deepmerge@^4.3.1:
    version "4.3.1"
    resolved "https://registry.npmjs.org/deepmerge/-/deepmerge-4.3.1.tgz"
    integrity sha512-3sUqbMEc77XqpdNO7FRyRog+eW3ph+GYCbj+rK+uYyRMuwsVy0rMiVtPn+QJlKFvWP/1PYpapqYn0Me2knFn+A==
  
  delayed-stream@~1.0.0:
    version "1.0.0"
    resolved "https://registry.npmjs.org/delayed-stream/-/delayed-stream-1.0.0.tgz"
    integrity sha512-ZySD7Nf91aLB0RxL4KGrKHBXl7Eds1DAmEdcoVawXnLD7SDhpNgtuII2aAkg7a7QS41jxPSZ17p4VdGnMHk3MQ==
  
  devalue@^5.0.0:
    version "5.0.0"
    resolved "https://registry.npmjs.org/devalue/-/devalue-5.0.0.tgz"
    integrity sha512-gO+/OMXF7488D+u3ue+G7Y4AA3ZmUnB3eHJXmBTgNHvr4ZNzl36A0ZtG+XCRNYCkYx/bFmw4qtkoFLa+wSrwAA==
  
  dom-serializer@^1.0.1:
    version "1.4.1"
    resolved "https://registry.npmjs.org/dom-serializer/-/dom-serializer-1.4.1.tgz"
    integrity sha512-VHwB3KfrcOOkelEG2ZOfxqLZdfkil8PtJi4P8N2MMXucZq2yLp75ClViUlOVwyoHEDjYU433Aq+5zWP61+RGag==
    dependencies:
      domelementtype "^2.0.1"
      domhandler "^4.2.0"
      entities "^2.0.0"
  
  domelementtype@^2.0.1, domelementtype@^2.2.0:
    version "2.3.0"
    resolved "https://registry.npmjs.org/domelementtype/-/domelementtype-2.3.0.tgz"
    integrity sha512-OLETBj6w0OsagBwdXnPdN0cnMfF9opN69co+7ZrbfPGrdpPVNBUj02spi6B1N7wChLQiPn4CSH/zJvXw56gmHw==
  
  domhandler@^3.0.0:
    version "3.3.0"
    resolved "https://registry.npmjs.org/domhandler/-/domhandler-3.3.0.tgz"
    integrity sha512-J1C5rIANUbuYK+FuFL98650rihynUOEzRLxW+90bKZRWB6A1X1Tf82GxR1qAWLyfNPRvjqfip3Q5tdYlmAa9lA==
    dependencies:
      domelementtype "^2.0.1"
  
  domhandler@^4.2.0:
    version "4.3.1"
    resolved "https://registry.npmjs.org/domhandler/-/domhandler-4.3.1.tgz"
    integrity sha512-GrwoxYN+uWlzO8uhUXRl0P+kHE4GtVPfYzVLcUxPL7KNdHKj66vvlhiweIHqYYXWlw+T8iLMp42Lm67ghw4WMQ==
    dependencies:
      domelementtype "^2.2.0"
  
  dompurify@^0.8.5:
    version "0.8.9"
    resolved "https://registry.npmjs.org/dompurify/-/dompurify-0.8.9.tgz"
    integrity sha512-meagtyM0xf8wyvsgZ7O8CdADczRjOpVJZ7dyJgqnOl3nXye29BFyQBknMz1AS1MIwHyVD7HJERA8Ei+uQIZ3gw==
  
  domutils@^2.0.0:
    version "2.8.0"
    resolved "https://registry.npmjs.org/domutils/-/domutils-2.8.0.tgz"
    integrity sha512-w96Cjofp72M5IIhpjgobBimYEfoPjx1Vx0BSX9P30WBdZW2WIKU0T1Bd0kz2eNZ9ikjKgHbEyKx8BB6H1L3h3A==
    dependencies:
      dom-serializer "^1.0.1"
      domelementtype "^2.2.0"
      domhandler "^4.2.0"
  
  entities@^2.0.0:
    version "2.2.0"
    resolved "https://registry.npmjs.org/entities/-/entities-2.2.0.tgz"
    integrity sha512-p92if5Nz619I0w+akJrLZH0MX0Pb5DX39XOwQTtXSdQQOaYH03S1uIQp4mhOZtAXrxq4ViO67YTiLBo2638o9A==
  
  esbuild@^0.21.3:
    version "0.21.5"
    resolved "https://registry.npmjs.org/esbuild/-/esbuild-0.21.5.tgz"
    integrity sha512-mg3OPMV4hXywwpoDxu3Qda5xCKQi+vCTZq8S9J/EpkhB2HzKXq4SNFZE3+NK93JYxc8VMSep+lOUSC/RVKaBqw==
    optionalDependencies:
      "@esbuild/aix-ppc64" "0.21.5"
      "@esbuild/android-arm" "0.21.5"
      "@esbuild/android-arm64" "0.21.5"
      "@esbuild/android-x64" "0.21.5"
      "@esbuild/darwin-arm64" "0.21.5"
      "@esbuild/darwin-x64" "0.21.5"
      "@esbuild/freebsd-arm64" "0.21.5"
      "@esbuild/freebsd-x64" "0.21.5"
      "@esbuild/linux-arm" "0.21.5"
      "@esbuild/linux-arm64" "0.21.5"
      "@esbuild/linux-ia32" "0.21.5"
      "@esbuild/linux-loong64" "0.21.5"
      "@esbuild/linux-mips64el" "0.21.5"
      "@esbuild/linux-ppc64" "0.21.5"
      "@esbuild/linux-riscv64" "0.21.5"
      "@esbuild/linux-s390x" "0.21.5"
      "@esbuild/linux-x64" "0.21.5"
      "@esbuild/netbsd-x64" "0.21.5"
      "@esbuild/openbsd-x64" "0.21.5"
      "@esbuild/sunos-x64" "0.21.5"
      "@esbuild/win32-arm64" "0.21.5"
      "@esbuild/win32-ia32" "0.21.5"
      "@esbuild/win32-x64" "0.21.5"
  
  esm-env@^1.0.0:
    version "1.0.0"
    resolved "https://registry.npmjs.org/esm-env/-/esm-env-1.0.0.tgz"
    integrity sha512-Cf6VksWPsTuW01vU9Mk/3vRue91Zevka5SjyNf3nEpokFRuqt/KjUQoGAwq9qMmhpLTHmXzSIrFRw8zxWzmFBA==
  
  estree-walker@^2.0.2:
    version "2.0.2"
    resolved "https://registry.npmjs.org/estree-walker/-/estree-walker-2.0.2.tgz"
    integrity sha512-Rfkk/Mp/DL7JVje3u18FxFujQlTNR2q6QfMSMB7AvCBx91NGj/ba3kCfza0f6dVDbw7YlRf/nDrn7pQrCCyQ/w==
  
  estree-walker@^3.0.0, estree-walker@^3.0.3:
    version "3.0.3"
    resolved "https://registry.npmjs.org/estree-walker/-/estree-walker-3.0.3.tgz"
    integrity sha512-7RUKfXgSMMkzt6ZuXmqapOurLGPPfgj6l9uRZ7lRGolvk0y2yocc35LdcxKC5PQZdn2DMqioAQ2NoWcrTKmm6g==
    dependencies:
      "@types/estree" "^1.0.0"
  
  eventsource@^2.0.2:
    version "2.0.2"
    resolved "https://registry.npmjs.org/eventsource/-/eventsource-2.0.2.tgz"
    integrity sha512-IzUmBGPR3+oUG9dUeXynyNmf91/3zUSJg1lCktzKw47OXuhco54U3r9B7O4XX+Rb1Itm9OZ2b0RkTs10bICOxA==
  
  fdir@^6.2.0:
    version "6.3.0"
    resolved "https://registry.npmjs.org/fdir/-/fdir-6.3.0.tgz"
    integrity sha512-QOnuT+BOtivR77wYvCWHfGt9s4Pz1VIMbD463vegT5MLqNXy8rYFT/lPVEqf/bhYeT6qmqrNHhsX+rWwe3rOCQ==
  
  fill-range@^7.1.1:
    version "7.1.1"
    resolved "https://registry.npmjs.org/fill-range/-/fill-range-7.1.1.tgz"
    integrity sha512-YsGpe3WHLK8ZYi4tWDg2Jy3ebRz2rXowDxnld4bkQB00cc/1Zw9AWnC0i9ztDJitivtQvaI9KaLyKrc+hBW0yg==
    dependencies:
      to-regex-range "^5.0.1"
  
  flowbite-datepicker@^1.3.0:
    version "1.3.0"
    resolved "https://registry.npmjs.org/flowbite-datepicker/-/flowbite-datepicker-1.3.0.tgz"
    integrity sha512-CLVqzuoE2vkUvWYK/lJ6GzT0be5dlTbH3uuhVwyB67+PjqJWABm2wv68xhBf5BqjpBxvTSQ3mrmLHpPJ2tvrSQ==
    dependencies:
      "@rollup/plugin-node-resolve" "^15.2.3"
      flowbite "^2.0.0"
  
  flowbite-svelte@^0.46.1, flowbite-svelte@^0.46.17:
    version "0.46.17"
    resolved "https://registry.npmjs.org/flowbite-svelte/-/flowbite-svelte-0.46.17.tgz"
    integrity sha512-NueTRkYw7Alk6DAqcEZIOXmqsdhNNjg+LxAb2wfzd/LAJML6I0kpbOJkv2cIojkLB90Er+nrEs0zMgmxrY/gfA==
    dependencies:
      "@floating-ui/dom" "^1.6.10"
      apexcharts "^3.53.0"
      flowbite "^2.5.1"
      tailwind-merge "^2.5.2"
  
  flowbite@^2.0.0, flowbite@^2.5.1:
    version "2.5.1"
    resolved "https://registry.npmjs.org/flowbite/-/flowbite-2.5.1.tgz"
    integrity sha512-7jP1jy9c3QP7y+KU9lc8ueMkTyUdMDvRP+lteSWgY5TigSZjf9K1kqZxmqjhbx2gBnFQxMl1GAjVThCa8cEpKA==
    dependencies:
      "@popperjs/core" "^2.9.3"
      flowbite-datepicker "^1.3.0"
      mini-svg-data-uri "^1.4.3"
  
  follow-redirects@^1.15.6:
    version "1.15.9"
    resolved "https://registry.npmjs.org/follow-redirects/-/follow-redirects-1.15.9.tgz"
    integrity sha512-gew4GsXizNgdoRyqmyfMHyAmXsZDk6mHkSxZFCzW9gwlbtOW44CDtYavM+y+72qD/Vq2l550kMF52DT8fOLJqQ==
  
  form-data@^4.0.0:
    version "4.0.0"
    resolved "https://registry.npmjs.org/form-data/-/form-data-4.0.0.tgz"
    integrity sha512-ETEklSGi5t0QMZuiXoA/Q6vcnxcLQP5vdugSpuAyi6SVGi2clPPp+xgEhuMaHC+zGgn31Kd235W35f7Hykkaww==
    dependencies:
      asynckit "^0.4.0"
      combined-stream "^1.0.8"
      mime-types "^2.1.12"
  
  fs.realpath@^1.0.0:
    version "1.0.0"
    resolved "https://registry.npmjs.org/fs.realpath/-/fs.realpath-1.0.0.tgz"
    integrity sha512-OO0pH2lK6a0hZnAdau5ItzHPI6pUlvI7jMVnxUQRtw4owF2wk8lOSabtGDCTP4Ggrg2MbGnWO9X8K1t4+fGMDw==
  
  function-bind@^1.1.2:
    version "1.1.2"
    resolved "https://registry.npmjs.org/function-bind/-/function-bind-1.1.2.tgz"
    integrity sha512-7XHNxH7qX9xG5mIwxkhumTox/MIRNcOgDrxWsMt2pAr23WHp6MrRlN7FBSFpCpr+oVO0F744iUgR82nJMfG2SA==
  
  glob-parent@~5.1.2:
    version "5.1.2"
    resolved "https://registry.npmjs.org/glob-parent/-/glob-parent-5.1.2.tgz"
    integrity sha512-AOIgSQCepiJYwP3ARnGx+5VnTu2HBYdzbGP45eLw1vr3zB3vZLeyed1sC9hnbcOc9/SrMyM5RPQrkGz4aS9Zow==
    dependencies:
      is-glob "^4.0.1"
  
  glob@^8.0.1:
    version "8.1.0"
    resolved "https://registry.npmjs.org/glob/-/glob-8.1.0.tgz"
    integrity sha512-r8hpEjiQEYlF2QU0df3dS+nxxSIreXQS1qRhMJM0Q5NDdR386C7jb7Hwwod8Fgiuex+k0GFjgft18yvxm5XoCQ==
    dependencies:
      fs.realpath "^1.0.0"
      inflight "^1.0.4"
      inherits "2"
      minimatch "^5.0.1"
      once "^1.3.0"
  
  globalyzer@0.1.0:
    version "0.1.0"
    resolved "https://registry.npmjs.org/globalyzer/-/globalyzer-0.1.0.tgz"
    integrity sha512-40oNTM9UfG6aBmuKxk/giHn5nQ8RVz/SS4Ir6zgzOv9/qC3kKZ9v4etGTcJbEl/NyVQH7FGU7d+X1egr57Md2Q==
  
  globrex@^0.1.2:
    version "0.1.2"
    resolved "https://registry.npmjs.org/globrex/-/globrex-0.1.2.tgz"
    integrity sha512-uHJgbwAMwNFf5mLst7IWLNg14x1CkeqglJb/K3doi4dw6q2IvAAmM/Y81kevy83wP+Sst+nutFTYOGg3d1lsxg==
  
  hasown@^2.0.2:
    version "2.0.2"
    resolved "https://registry.npmjs.org/hasown/-/hasown-2.0.2.tgz"
    integrity sha512-0hJU9SCPvmMzIBdZFqNPXWa6dqh7WdH0cII9y+CyS8rG3nL48Bclra9HmKhVVUHyPWNH5Y7xDwAB7bfgSjkUMQ==
    dependencies:
      function-bind "^1.1.2"
  
  htmlparser2@^4.1.0:
    version "4.1.0"
    resolved "https://registry.npmjs.org/htmlparser2/-/htmlparser2-4.1.0.tgz"
    integrity sha512-4zDq1a1zhE4gQso/c5LP1OtrhYTncXNSpvJYtWJBtXAETPlMfi3IFNjGuQbYLuVY4ZR0QMqRVvo4Pdy9KLyP8Q==
    dependencies:
      domelementtype "^2.0.1"
      domhandler "^3.0.0"
      domutils "^2.0.0"
      entities "^2.0.0"
  
  ieee754@^1.2.1:
    version "1.2.1"
    resolved "https://registry.npmjs.org/ieee754/-/ieee754-1.2.1.tgz"
    integrity sha512-dcyqhDvX1C46lXZcVqCpK+FtMRQVdIMN6/Df5js2zouUsqG7I6sFxitIC+7KYK29KdXOLHdu9zL4sFnoVQnqaA==
  
  ignore-walk@^5.0.1:
    version "5.0.1"
    resolved "https://registry.npmjs.org/ignore-walk/-/ignore-walk-5.0.1.tgz"
    integrity sha512-yemi4pMf51WKT7khInJqAvsIGzoqYXblnsz0ql8tM+yi1EKYTY1evX4NAbJrLL/Aanr2HyZeluqU+Oi7MGHokw==
    dependencies:
      minimatch "^5.0.1"
  
  import-meta-resolve@^4.1.0:
    version "4.1.0"
    resolved "https://registry.npmjs.org/import-meta-resolve/-/import-meta-resolve-4.1.0.tgz"
    integrity sha512-I6fiaX09Xivtk+THaMfAwnA3MVA5Big1WHF1Dfx9hFuvNIWpXnorlkzhcQf6ehrqQiiZECRt1poOAkPmer3ruw==
  
  inflight@^1.0.4:
    version "1.0.6"
    resolved "https://registry.npmjs.org/inflight/-/inflight-1.0.6.tgz"
    integrity sha512-k92I/b08q4wvFscXCLvqfsHCrjrF7yiXsQuIVvVE7N82W3+aqpzuUdBbfhWcy/FZR3/4IgflMgKLOsvPDrGCJA==
    dependencies:
      once "^1.3.0"
      wrappy "1"
  
  inherits@^2.0.1, inherits@2:
    version "2.0.4"
    resolved "https://registry.npmjs.org/inherits/-/inherits-2.0.4.tgz"
    integrity sha512-k/vGaX4/Yla3WzyMCvTQOXYeIHvqOKtnqBduzTHpzpQZzAskKMhZ2K+EnBiSM9zGSoIFeMpXKxa4dYeZIQqewQ==
  
  is-binary-path@~2.1.0:
    version "2.1.0"
    resolved "https://registry.npmjs.org/is-binary-path/-/is-binary-path-2.1.0.tgz"
    integrity sha512-ZMERYes6pDydyuGidse7OsHxtbI7WVeUEozgR/g7rd0xUimYNlvZRE/K2MgZTjWy725IfelLeVcEM97mmtRGXw==
    dependencies:
      binary-extensions "^2.0.0"
  
  is-core-module@^2.13.0:
    version "2.15.1"
    resolved "https://registry.npmjs.org/is-core-module/-/is-core-module-2.15.1.tgz"
    integrity sha512-z0vtXSwucUJtANQWldhbtbt7BnL0vxiFjIdDLAatwhDYty2bad6s+rijD6Ri4YuYJubLzIJLUidCh09e1djEVQ==
    dependencies:
      hasown "^2.0.2"
  
  is-extglob@^2.1.1:
    version "2.1.1"
    resolved "https://registry.npmjs.org/is-extglob/-/is-extglob-2.1.1.tgz"
    integrity sha512-SbKbANkN603Vi4jEZv49LeVJMn4yGwsbzZworEoyEiutsN3nJYdbO36zfhGJ6QEDpOZIFkDtnq5JRxmvl3jsoQ==
  
  is-glob@^4.0.1, is-glob@~4.0.1:
    version "4.0.3"
    resolved "https://registry.npmjs.org/is-glob/-/is-glob-4.0.3.tgz"
    integrity sha512-xelSayHH36ZgE7ZWhli7pW34hNbNl8Ojv5KVmkJD4hBdD3th8Tfk9vYasLM+mXWOZhFkgZfxhLSnrwRr4elSSg==
    dependencies:
      is-extglob "^2.1.1"
  
  is-module@^1.0.0:
    version "1.0.0"
    resolved "https://registry.npmjs.org/is-module/-/is-module-1.0.0.tgz"
    integrity sha512-51ypPSPCoTEIN9dy5Oy+h4pShgJmPCygKfyRCISBI+JoWT/2oJvK8QPxmwv7b/p239jXrm9M1mlQbyKJ5A152g==
  
  is-number@^7.0.0:
    version "7.0.0"
    resolved "https://registry.npmjs.org/is-number/-/is-number-7.0.0.tgz"
    integrity sha512-41Cifkg6e8TylSpdtTpeLVMqvSBEVzTttHvERD741+pnZ8ANv0004MRL43QKPDlK9cGvNp6NZWZUBlbGXYxxng==
  
  is-reference@^3.0.0, is-reference@^3.0.1:
    version "3.0.2"
    resolved "https://registry.npmjs.org/is-reference/-/is-reference-3.0.2.tgz"
    integrity sha512-v3rht/LgVcsdZa3O2Nqs+NMowLOxeOm7Ay9+/ARQ2F+qEoANRcqrjAZKGN0v8ymUetZGgkp26LTnGT7H0Qo9Pg==
    dependencies:
      "@types/estree" "*"
  
  kleur@^4.1.5:
    version "4.1.5"
    resolved "https://registry.npmjs.org/kleur/-/kleur-4.1.5.tgz"
    integrity sha512-o+NO+8WrRiQEE4/7nwRJhN1HWpVmJm511pBHUxPLtp0BUISzlBplORYSmTclCnJvQq2tKu/sgl3xVpkc7ZWuQQ==
  
  locate-character@^3.0.0:
    version "3.0.0"
    resolved "https://registry.npmjs.org/locate-character/-/locate-character-3.0.0.tgz"
    integrity sha512-SW13ws7BjaeJ6p7Q6CO2nchbYEc3X3J6WrmTTDto7yMPqVSZTUyY5Tjbid+Ab8gLnATtygYtiDIJGQRRn2ZOiA==
  
  lodash@^4.17.15:
    version "4.17.21"
    resolved "https://registry.npmjs.org/lodash/-/lodash-4.17.21.tgz"
    integrity sha512-v2kDEe57lecTulaDIuNTPy3Ry4gLGJ6Z1O3vE1krgXZNrsQ+LFTGHVxVjcXPs17LhbZVGedAJv8XZ1tvj5FvSg==
  
  lower-case@^2.0.2:
    version "2.0.2"
    resolved "https://registry.npmjs.org/lower-case/-/lower-case-2.0.2.tgz"
    integrity sha512-7fm3l3NAF9WfN6W3JOmf5drwpVqX78JtoGJ3A6W0a6ZnldM41w2fV5D490psKFTpMds8TJse/eHLFFsNHHjHgg==
    dependencies:
      tslib "^2.0.3"
  
  magic-string@^0.30.10, magic-string@^0.30.4, magic-string@^0.30.5:
    version "0.30.11"
    resolved "https://registry.npmjs.org/magic-string/-/magic-string-0.30.11.tgz"
    integrity sha512-+Wri9p0QHMy+545hKww7YAu5NyzF8iomPL/RQazugQ9+Ez4Ic3mERMd8ZTX5rfK944j+560ZJi8iAwgak1Ac7A==
    dependencies:
      "@jridgewell/sourcemap-codec" "^1.5.0"
  
  mdn-data@2.0.30:
    version "2.0.30"
    resolved "https://registry.npmjs.org/mdn-data/-/mdn-data-2.0.30.tgz"
    integrity sha512-GaqWWShW4kv/G9IEucWScBx9G1/vsFZZJUO+tD26M8J8z3Kw5RDQjaoZe03YAClgeS/SWPOcb4nkFBTEi5DUEA==
  
  mime-db@1.52.0:
    version "1.52.0"
    resolved "https://registry.npmjs.org/mime-db/-/mime-db-1.52.0.tgz"
    integrity sha512-sPU4uV7dYlvtWJxwwxHD0PuihVNiE7TyAbQ5SWxDCB9mUYvOgroQOwYQQOKPJ8CIbE+1ETVlOoK1UC2nU3gYvg==
  
  mime-types@^2.1.12:
    version "2.1.35"
    resolved "https://registry.npmjs.org/mime-types/-/mime-types-2.1.35.tgz"
    integrity sha512-ZDY+bPm5zTTF+YpCrAU9nK0UgICYPT0QtT1NZWFv4s++TNkcgVaT0g6+4R2uI4MjQjzysHB1zxuWL50hzaeXiw==
    dependencies:
      mime-db "1.52.0"
  
  mini-svg-data-uri@^1.4.3:
    version "1.4.4"
    resolved "https://registry.npmjs.org/mini-svg-data-uri/-/mini-svg-data-uri-1.4.4.tgz"
    integrity sha512-r9deDe9p5FJUPZAk3A59wGH7Ii9YrjjWw0jmw/liSbHl2CHiyXj6FcDXDu2K3TjVAXqiJdaw3xxwlZZr9E6nHg==
  
  minimatch@^5.0.1:
    version "5.1.6"
    resolved "https://registry.npmjs.org/minimatch/-/minimatch-5.1.6.tgz"
    integrity sha512-lKwV/1brpG6mBUFHtb7NUmtABCb2WZZmm2wNiOA5hAb8VdCS4B3dtMWyvcoViccwAW/COERjXLt0zP1zXUN26g==
    dependencies:
      brace-expansion "^2.0.1"
  
  mri@^1.1.0:
    version "1.2.0"
    resolved "https://registry.npmjs.org/mri/-/mri-1.2.0.tgz"
    integrity sha512-tzzskb3bG8LvYGFF/mDTpq3jpI6Q9wc3LEmBaghu+DdCssd1FakN7Bc0hVNmEyGq1bq3RgfkCb3cmQLpNPOroA==
  
  mrmime@^2.0.0:
    version "2.0.0"
    resolved "https://registry.npmjs.org/mrmime/-/mrmime-2.0.0.tgz"
    integrity sha512-eu38+hdgojoyq63s+yTpN4XMBdt5l8HhMhc4VKLO9KM5caLIBvUm4thi7fFaxyTmCKeNnXZ5pAlBwCUnhA09uw==
  
  ms@^2.1.3:
    version "2.1.3"
    resolved "https://registry.npmjs.org/ms/-/ms-2.1.3.tgz"
    integrity sha512-6FlzubTLZG3J2a/NVCAleEhjzq5oxgHyaCU9yYXvcLsvoVaHJq/s5xXI6/XXP6tz7R9xAOtHnSO/tXtF3WRTlA==
  
  nanoid@^3.3.7:
    version "3.3.7"
    resolved "https://registry.npmjs.org/nanoid/-/nanoid-3.3.7.tgz"
    integrity sha512-eSRppjcPIatRIMC1U6UngP8XFcz8MQWGQdt1MTBQ7NaAmvXDfvNxbvWV3x2y6CdEUciCSsDHDQZbhYaB8QEo2g==
  
  no-case@^3.0.4:
    version "3.0.4"
    resolved "https://registry.npmjs.org/no-case/-/no-case-3.0.4.tgz"
    integrity sha512-fgAN3jGAh+RoxUGZHTSOLJIqUc2wmoBwGR4tbpNAKmmovFoWq0OdRkb0VkldReO2a2iBT/OEulG9XSUc10r3zg==
    dependencies:
      lower-case "^2.0.2"
      tslib "^2.0.3"
  
  node-gyp-build@^4.8.0:
    version "4.8.2"
    resolved "https://registry.npmjs.org/node-gyp-build/-/node-gyp-build-4.8.2.tgz"
    integrity sha512-IRUxE4BVsHWXkV/SFOut4qTlagw2aM8T5/vnTsmrHJvVoKueJHRc/JaFND7QDDc61kLYUJ6qlZM3sqTSyx2dTw==
  
  normalize-path@^3.0.0, normalize-path@~3.0.0:
    version "3.0.0"
    resolved "https://registry.npmjs.org/normalize-path/-/normalize-path-3.0.0.tgz"
    integrity sha512-6eZs5Ls3WtCisHWp9S2GUy8dqkpGi4BVSz3GaqiE6ezub0512ESztXUwUB6C6IKbQkY2Pnb/mD4WYojCRwcwLA==
  
  npm-bundled@^2.0.0:
    version "2.0.1"
    resolved "https://registry.npmjs.org/npm-bundled/-/npm-bundled-2.0.1.tgz"
    integrity sha512-gZLxXdjEzE/+mOstGDqR6b0EkhJ+kM6fxM6vUuckuctuVPh80Q6pw/rSZj9s4Gex9GxWtIicO1pc8DB9KZWudw==
    dependencies:
      npm-normalize-package-bin "^2.0.0"
  
  npm-normalize-package-bin@^2.0.0:
    version "2.0.0"
    resolved "https://registry.npmjs.org/npm-normalize-package-bin/-/npm-normalize-package-bin-2.0.0.tgz"
    integrity sha512-awzfKUO7v0FscrSpRoogyNm0sajikhBWpU0QMrW09AMi9n1PoKU6WaIqUzuJSQnpciZZmJ/jMZ2Egfmb/9LiWQ==
  
  npm-packlist@^5.1.3:
    version "5.1.3"
    resolved "https://registry.npmjs.org/npm-packlist/-/npm-packlist-5.1.3.tgz"
    integrity sha512-263/0NGrn32YFYi4J533qzrQ/krmmrWwhKkzwTuM4f/07ug51odoaNjUexxO4vxlzURHcmYMH1QjvHjsNDKLVg==
    dependencies:
      glob "^8.0.1"
      ignore-walk "^5.0.1"
      npm-bundled "^2.0.0"
      npm-normalize-package-bin "^2.0.0"
  
  object-assign@^4.0.1:
    version "4.1.1"
    resolved "https://registry.npmjs.org/object-assign/-/object-assign-4.1.1.tgz"
    integrity sha512-rJgTQnkUnH1sFw8yT6VSU3zD3sWmu6sZhIseY8VX+GRu3P6F7Fu+JNDoXfklElbLJSnc3FUQHVe4cU5hj+BcUg==
  
  once@^1.3.0:
    version "1.4.0"
    resolved "https://registry.npmjs.org/once/-/once-1.4.0.tgz"
    integrity sha512-lNaJgI+2Q5URQBkccEKHTQOPaXdUxnZZElQTZY0MFUAuaEqe1E+Nyvgdz/aIyNi6Z9MzO5dv1H8n58/GELp3+w==
    dependencies:
      wrappy "1"
  
  parse-srcset@^1.0.2:
    version "1.0.2"
    resolved "https://registry.npmjs.org/parse-srcset/-/parse-srcset-1.0.2.tgz"
    integrity sha512-/2qh0lav6CmI15FzA3i/2Bzk2zCgQhGMkvhOhKNcBVQ1ldgpbfiNTVslmooUmWJcADi1f1kIeynbDRVzNlfR6Q==
  
  pascal-case@^3.1.1:
    version "3.1.2"
    resolved "https://registry.npmjs.org/pascal-case/-/pascal-case-3.1.2.tgz"
    integrity sha512-uWlGT3YSnK9x3BQJaOdcZwrnV6hPpd8jFH1/ucpiLRPh/2zCVJKS19E4GvYHvaCcACn3foXZ0cLB9Wrx1KGe5g==
    dependencies:
      no-case "^3.0.4"
      tslib "^2.0.3"
  
  path-parse@^1.0.7:
    version "1.0.7"
    resolved "https://registry.npmjs.org/path-parse/-/path-parse-1.0.7.tgz"
    integrity sha512-LDJzPVEEEPR+y48z93A0Ed0yXb8pAByGWo/k5YYdYgpY2/2EsOsksJrq7lOHxryrVOn1ejG6oAp8ahvOIQD8sw==
  
  performance-now@^2.1.0:
    version "2.1.0"
    resolved "https://registry.npmjs.org/performance-now/-/performance-now-2.1.0.tgz"
    integrity sha512-7EAHlyLHI56VEIdK57uwHdHKIaAGbnXPiw0yWbarQZOKaKpvUIgW0jWRVLiatnM+XXlSwsanIBH/hzGMJulMow==
  
  periscopic@^3.1.0:
    version "3.1.0"
    resolved "https://registry.npmjs.org/periscopic/-/periscopic-3.1.0.tgz"
    integrity sha512-vKiQ8RRtkl9P+r/+oefh25C3fhybptkHKCZSPlcXiJux2tJF55GnEj3BVn4A5gKfq9NWWXXrxkHBwVPUfH0opw==
    dependencies:
      "@types/estree" "^1.0.0"
      estree-walker "^3.0.0"
      is-reference "^3.0.0"
  
  picocolors@^0.2.1:
    version "0.2.1"
    resolved "https://registry.npmjs.org/picocolors/-/picocolors-0.2.1.tgz"
    integrity sha512-cMlDqaLEqfSaW8Z7N5Jw+lyIW869EzT73/F5lhtY9cLGoVxSXznfgfXMO0Z5K0o0Q2TkTXq+0KFsdnSe3jDViA==
  
  picocolors@^1.0.0, picocolors@^1.1.0:
    version "1.1.0"
    resolved "https://registry.npmjs.org/picocolors/-/picocolors-1.1.0.tgz"
    integrity sha512-TQ92mBOW0l3LeMeyLV6mzy/kWr8lkd/hp3mTg7wYK7zJhuBStmGMBG0BdeDZS/dZx1IukaX6Bk11zcln25o1Aw==
  
  picomatch@^2.0.4:
    version "2.3.1"
    resolved "https://registry.npmjs.org/picomatch/-/picomatch-2.3.1.tgz"
    integrity sha512-JU3teHTNjmE2VCGFzuY8EXzCDVwEqB2a8fsIvwaStHhAWJEeVd1o1QD80CU6+ZdEXXSLbSsuLwJjkCBWqRQUVA==
  
  picomatch@^2.2.1:
    version "2.3.1"
    resolved "https://registry.npmjs.org/picomatch/-/picomatch-2.3.1.tgz"
    integrity sha512-JU3teHTNjmE2VCGFzuY8EXzCDVwEqB2a8fsIvwaStHhAWJEeVd1o1QD80CU6+ZdEXXSLbSsuLwJjkCBWqRQUVA==
  
  picomatch@^2.3.1:
    version "2.3.1"
    resolved "https://registry.npmjs.org/picomatch/-/picomatch-2.3.1.tgz"
    integrity sha512-JU3teHTNjmE2VCGFzuY8EXzCDVwEqB2a8fsIvwaStHhAWJEeVd1o1QD80CU6+ZdEXXSLbSsuLwJjkCBWqRQUVA==
  
  "picomatch@^3 || ^4":
    version "4.0.2"
    resolved "https://registry.npmjs.org/picomatch/-/picomatch-4.0.2.tgz"
    integrity sha512-M7BAV6Rlcy5u+m6oPhAPFgJTzAioX/6B0DxyvDlo9l8+T3nLKbrczg2WLUyzd45L8RqfUMyGPzekbMvX2Ldkwg==
  
  postcss@^7.0.27:
    version "7.0.39"
    resolved "https://registry.npmjs.org/postcss/-/postcss-7.0.39.tgz"
    integrity sha512-yioayjNbHn6z1/Bywyb2Y4s3yvDAeXGOyxqD+LnVOinq6Mdmd++SW2wUNVzavyyHxd6+DxzWGIuosg6P1Rj8uA==
    dependencies:
      picocolors "^0.2.1"
      source-map "^0.6.1"
  
  postcss@^8.4.43:
    version "8.4.47"
    resolved "https://registry.npmjs.org/postcss/-/postcss-8.4.47.tgz"
    integrity sha512-56rxCq7G/XfB4EkXq9Egn5GCqugWvDFjafDOThIdMBsI15iqPqR5r15TfSr1YPYeEI19YeaXMCbY6u88Y76GLQ==
    dependencies:
      nanoid "^3.3.7"
      picocolors "^1.1.0"
      source-map-js "^1.2.1"
  
  proxy-from-env@^1.1.0:
    version "1.1.0"
    resolved "https://registry.npmjs.org/proxy-from-env/-/proxy-from-env-1.1.0.tgz"
    integrity sha512-D+zkORCbA9f1tdWRK0RaCR3GPv50cMxcrz4X8k5LTSUD1Dkw47mKJEZQNunItRTkWwgtaUSo1RVFRIG9ZXiFYg==
  
  publint@^0.2.0:
    version "0.2.11"
    resolved "https://registry.npmjs.org/publint/-/publint-0.2.11.tgz"
    integrity sha512-/kxbd+sD/uEG515N/ZYpC6gYs8h89cQ4UIsAq1y6VT4qlNh8xmiSwcP2xU2MbzXFl8J0l2IdONKFweLfYoqhcA==
    dependencies:
      npm-packlist "^5.1.3"
      picocolors "^1.1.0"
      sade "^1.8.1"
  
  raf@^3.4.0:
    version "3.4.1"
    resolved "https://registry.npmjs.org/raf/-/raf-3.4.1.tgz"
    integrity sha512-Sq4CW4QhwOHE8ucn6J34MqtZCeWFP2aQSmrlroYgqAV1PjStIhJXxYuTgUIfkEk7zTLjmIjLmU5q+fbD1NnOJA==
    dependencies:
      performance-now "^2.1.0"
  
  randombytes@^2.1.0:
    version "2.1.0"
    resolved "https://registry.npmjs.org/randombytes/-/randombytes-2.1.0.tgz"
    integrity sha512-vYl3iOX+4CKUWuxGi9Ukhie6fsqXqS9FE2Zaic4tNFD2N2QQaXOMFbuKK4QmDHC0JO6B1Zp41J0LpT0oR68amQ==
    dependencies:
      safe-buffer "^5.1.0"
  
  readdirp@^4.0.1:
    version "4.0.1"
    resolved "https://registry.npmjs.org/readdirp/-/readdirp-4.0.1.tgz"
    integrity sha512-GkMg9uOTpIWWKbSsgwb5fA4EavTR+SG/PMPoAY8hkhHfEEY0/vqljY+XHqtDf2cr2IJtoNRDbrrEpZUiZCkYRw==
  
  readdirp@~3.6.0:
    version "3.6.0"
    resolved "https://registry.npmjs.org/readdirp/-/readdirp-3.6.0.tgz"
    integrity sha512-hOS089on8RduqdbhvQ5Z37A0ESjsqz6qnRcffsMU3495FuTdqSm+7bhJ29JvIOsBDEEnan5DPu9t3To9VRlMzA==
    dependencies:
      picomatch "^2.2.1"
  
  resolve@^1.22.1:
    version "1.22.8"
    resolved "https://registry.npmjs.org/resolve/-/resolve-1.22.8.tgz"
    integrity sha512-oKWePCxqpd6FlLvGV1VU0x7bkPmmCNolxzjMf4NczoDnQcIWrAF+cPtZn5i6n+RfD2d9i0tzpKnG6Yk168yIyw==
    dependencies:
      is-core-module "^2.13.0"
      path-parse "^1.0.7"
      supports-preserve-symlinks-flag "^1.0.0"
  
  rollup@^1.20.0||^2.0.0||^3.0.0||^4.0.0, rollup@^2.78.0||^3.0.0||^4.0.0, rollup@^4.20.0:
    version "4.22.4"
    resolved "https://registry.npmjs.org/rollup/-/rollup-4.22.4.tgz"
    integrity sha512-vD8HJ5raRcWOyymsR6Z3o6+RzfEPCnVLMFJ6vRslO1jt4LO6dUo5Qnpg7y4RkZFM2DMe3WUirkI5c16onjrc6A==
    dependencies:
      "@types/estree" "1.0.5"
    optionalDependencies:
      "@rollup/rollup-android-arm-eabi" "4.22.4"
      "@rollup/rollup-android-arm64" "4.22.4"
      "@rollup/rollup-darwin-arm64" "4.22.4"
      "@rollup/rollup-darwin-x64" "4.22.4"
      "@rollup/rollup-linux-arm-gnueabihf" "4.22.4"
      "@rollup/rollup-linux-arm-musleabihf" "4.22.4"
      "@rollup/rollup-linux-arm64-gnu" "4.22.4"
      "@rollup/rollup-linux-arm64-musl" "4.22.4"
      "@rollup/rollup-linux-powerpc64le-gnu" "4.22.4"
      "@rollup/rollup-linux-riscv64-gnu" "4.22.4"
      "@rollup/rollup-linux-s390x-gnu" "4.22.4"
      "@rollup/rollup-linux-x64-gnu" "4.22.4"
      "@rollup/rollup-linux-x64-musl" "4.22.4"
      "@rollup/rollup-win32-arm64-msvc" "4.22.4"
      "@rollup/rollup-win32-ia32-msvc" "4.22.4"
      "@rollup/rollup-win32-x64-msvc" "4.22.4"
      fsevents "~2.3.2"
  
  sade@^1.7.4, sade@^1.8.1:
    version "1.8.1"
    resolved "https://registry.npmjs.org/sade/-/sade-1.8.1.tgz"
    integrity sha512-xal3CZX1Xlo/k4ApwCFrHVACi9fBqJ7V+mwhBsuf/1IOKbBy098Fex+Wa/5QMubw09pSZ/u8EY8PWgevJsXp1A==
    dependencies:
      mri "^1.1.0"
  
  safe-buffer@^5.0.1, safe-buffer@^5.1.0:
    version "5.2.1"
    resolved "https://registry.npmjs.org/safe-buffer/-/safe-buffer-5.2.1.tgz"
    integrity sha512-rp3So07KcdmmKbGvgaNxQSJr7bGVSVk5S9Eq1F+ppbRo70+YeaDxkw5Dd8NPN+GD6bjnYm2VuPuCXmpuYvmCXQ==
  
  sanitize-html@^1.11.1:
    version "1.27.5"
    resolved "https://registry.npmjs.org/sanitize-html/-/sanitize-html-1.27.5.tgz"
    integrity sha512-M4M5iXDAUEcZKLXkmk90zSYWEtk5NH3JmojQxKxV371fnMh+x9t1rqdmXaGoyEHw3z/X/8vnFhKjGL5xFGOJ3A==
    dependencies:
      htmlparser2 "^4.1.0"
      lodash "^4.17.15"
      parse-srcset "^1.0.2"
      postcss "^7.0.27"
  
  scroll-to-element@^2.0.0:
    version "2.0.3"
    resolved "https://registry.npmjs.org/scroll-to-element/-/scroll-to-element-2.0.3.tgz"
    integrity sha512-5herPcm9jMfQgRwu94lH5mei+2YhipR4RQ2nAvnBxJb2tG+P7O0ctOKAaAZBXbBejnn+MImh3wrAUA5EcLnjEQ==
    dependencies:
      raf "^3.4.0"
  
  semver@^7.5.4:
    version "7.6.3"
    resolved "https://registry.npmjs.org/semver/-/semver-7.6.3.tgz"
    integrity sha512-oVekP1cKtI+CTDvHWYFUcMtsK/00wmAEfyqKfNdARm8u1wNVhSgaX7A8d4UuIlUI5e84iEwOhs7ZPYRmzU9U6A==
  
  set-cookie-parser@^2.6.0:
    version "2.7.0"
    resolved "https://registry.npmjs.org/set-cookie-parser/-/set-cookie-parser-2.7.0.tgz"
    integrity sha512-lXLOiqpkUumhRdFF3k1osNXCy9akgx/dyPZ5p8qAg9seJzXr5ZrlqZuWIMuY6ejOsVLE6flJ5/h3lsn57fQ/PQ==
  
  sha.js@^2.3.6:
    version "2.4.11"
    resolved "https://registry.npmjs.org/sha.js/-/sha.js-2.4.11.tgz"
    integrity sha512-QMEp5B7cftE7APOjk5Y6xgrbWu+WkLVQwk8JNjZ8nKRciZaByEW6MubieAiToS7+dwvrjGhH8jRXz3MVd0AYqQ==
    dependencies:
      inherits "^2.0.1"
      safe-buffer "^5.0.1"
  
  sirv@^2.0.4:
    version "2.0.4"
    resolved "https://registry.npmjs.org/sirv/-/sirv-2.0.4.tgz"
    integrity sha512-94Bdh3cC2PKrbgSOUqTiGPWVZeSiXfKOVZNJniWoqrWrRkB1CJzBU3NEbiTsPcYy1lDsANA/THzS+9WBiy5nfQ==
    dependencies:
      "@polka/url" "^1.0.0-next.24"
      mrmime "^2.0.0"
      totalist "^3.0.0"
  
  sodium-native@^4.1.1:
    version "4.2.0"
    resolved "https://registry.npmjs.org/sodium-native/-/sodium-native-4.2.0.tgz"
    integrity sha512-rdJRAf/RE/IRFUUoUsz10slNAQDTGz5ChpIeR1Ti0BtGYstl6Uok4hHALPBdnFcLml6qXJ2pDd0/De09mPa6mg==
    dependencies:
      node-gyp-build "^4.8.0"
  
  source-map-js@^1.0.1, source-map-js@^1.2.1:
    version "1.2.1"
    resolved "https://registry.npmjs.org/source-map-js/-/source-map-js-1.2.1.tgz"
    integrity sha512-UXWMKhLOwVKb728IUtQPXxfYU+usdybtUrK/8uGE8CQMvrhOpwvzDBwj0QhSL7MQc7vIsISBG8VQ8+IDQxpfQA==
  
  source-map@^0.6.1:
    version "0.6.1"
    resolved "https://registry.npmjs.org/source-map/-/source-map-0.6.1.tgz"
    integrity sha512-UjgapumWlbMhkBgzT7Ykc5YXUT46F0iKu8SGXq0bcwP5dz/h0Plj6enJqjz1Zbq2l5WaqYnrVbwWOWMyF3F47g==
  
  style-mod@^4.0.0, style-mod@^4.1.0:
    version "4.1.2"
    resolved "https://registry.npmjs.org/style-mod/-/style-mod-4.1.2.tgz"
    integrity sha512-wnD1HyVqpJUI2+eKZ+eo1UwghftP6yuFheBqqe+bWCotBjC2K1YnteJILRMs3SM4V/0dLEW1SC27MWP5y+mwmw==
  
  supports-preserve-symlinks-flag@^1.0.0:
    version "1.0.0"
    resolved "https://registry.npmjs.org/supports-preserve-symlinks-flag/-/supports-preserve-symlinks-flag-1.0.0.tgz"
    integrity sha512-ot0WnXS9fgdkgIcePe6RHNk1WA8+muPa6cSjeR3V8K27q9BB1rTE3R1p7Hv0z1ZyAc8s6Vvv8DIyWf681MAt0w==
  
  svelte-check@^4.0.0:
    version "4.0.2"
    resolved "https://registry.npmjs.org/svelte-check/-/svelte-check-4.0.2.tgz"
    integrity sha512-w2yqcG9ELJe2RJCnAvB7v0OgkHhL3czzz/tVoxGFfO6y4mOrF6QHCDhXijeXzsU7LVKEwWS3Qd9tza4JBuDxqA==
    dependencies:
      "@jridgewell/trace-mapping" "^0.3.25"
      chokidar "^3.4.1"
      fdir "^6.2.0"
      picocolors "^1.0.0"
      sade "^1.7.4"
  
  svelte-hmr@^0.16.0:
    version "0.16.0"
    resolved "https://registry.npmjs.org/svelte-hmr/-/svelte-hmr-0.16.0.tgz"
    integrity sha512-Gyc7cOS3VJzLlfj7wKS0ZnzDVdv3Pn2IuVeJPk9m2skfhcu5bq3wtIZyQGggr7/Iim5rH5cncyQft/kRLupcnA==
  
  svelte-modals@^1.3.0:
    version "1.3.0"
    resolved "https://registry.npmjs.org/svelte-modals/-/svelte-modals-1.3.0.tgz"
    integrity sha512-b1Ylnyv9O6b7VYeWGJVToaVU2lw7GtErVwiEdojyfnOuZcrhNlQ5eDqbTrL3xyKz8j2VTy/QiGUl1lm/6SnQ2A==
  
  "svelte@^3.0.0 || ^4.0.0", "svelte@^3.19.0 || ^4.0.0", "svelte@^3.44.0 || ^4.0.0 || ^5.0.0-next.1", "svelte@^3.55 || ^4.0.0-next.0 || ^4.0 || ^5.0.0-next.0", "svelte@^3.55.1 || ^4.0.0 || ^5.0.0", svelte@^4.0.0, "svelte@^4.0.0 || ^5.0.0-next.0", svelte@^4.2.7:
    version "4.2.19"
    resolved "https://registry.npmjs.org/svelte/-/svelte-4.2.19.tgz"
    integrity sha512-IY1rnGr6izd10B0A8LqsBfmlT5OILVuZ7XsI0vdGPEvuonFV7NYEUK4dAkm9Zg2q0Um92kYjTpS1CAP3Nh/KWw==
    dependencies:
      "@ampproject/remapping" "^2.2.1"
      "@jridgewell/sourcemap-codec" "^1.4.15"
      "@jridgewell/trace-mapping" "^0.3.18"
      "@types/estree" "^1.0.1"
      acorn "^8.9.0"
      aria-query "^5.3.0"
      axobject-query "^4.0.0"
      code-red "^1.0.3"
      css-tree "^2.3.1"
      estree-walker "^3.0.3"
      is-reference "^3.0.1"
      locate-character "^3.0.0"
      magic-string "^0.30.4"
      periscopic "^3.1.0"
  
  svelte2tsx@~0.7.16:
    version "0.7.19"
    resolved "https://registry.npmjs.org/svelte2tsx/-/svelte2tsx-0.7.19.tgz"
    integrity sha512-PME/9mILn9wOihtk2dxu9tmf2+B9X6oWuqYPJRKSjqU4wq3Pc6+fOuYV7T3H+QF5afmA1oDobfXC6dzmK9NAVw==
    dependencies:
      dedent-js "^1.0.1"
      pascal-case "^3.1.1"
  
  svg.draggable.js@^2.2.2:
    version "2.2.2"
    resolved "https://registry.npmjs.org/svg.draggable.js/-/svg.draggable.js-2.2.2.tgz"
    integrity sha512-JzNHBc2fLQMzYCZ90KZHN2ohXL0BQJGQimK1kGk6AvSeibuKcIdDX9Kr0dT9+UJ5O8nYA0RB839Lhvk4CY4MZw==
    dependencies:
      svg.js "^2.0.1"
  
  svg.easing.js@^2.0.0:
    version "2.0.0"
    resolved "https://registry.npmjs.org/svg.easing.js/-/svg.easing.js-2.0.0.tgz"
    integrity sha512-//ctPdJMGy22YoYGV+3HEfHbm6/69LJUTAqI2/5qBvaNHZ9uUFVC82B0Pl299HzgH13rKrBgi4+XyXXyVWWthA==
    dependencies:
      svg.js ">=2.3.x"
  
  svg.filter.js@^2.0.2:
    version "2.0.2"
    resolved "https://registry.npmjs.org/svg.filter.js/-/svg.filter.js-2.0.2.tgz"
    integrity sha512-xkGBwU+dKBzqg5PtilaTb0EYPqPfJ9Q6saVldX+5vCRy31P6TlRCP3U9NxH3HEufkKkpNgdTLBJnmhDHeTqAkw==
    dependencies:
      svg.js "^2.2.5"
  
  svg.js@^2.0.1, svg.js@^2.2.5, svg.js@^2.4.0, svg.js@^2.6.5, svg.js@>=2.3.x:
    version "2.7.1"
    resolved "https://registry.npmjs.org/svg.js/-/svg.js-2.7.1.tgz"
    integrity sha512-ycbxpizEQktk3FYvn/8BH+6/EuWXg7ZpQREJvgacqn46gIddG24tNNe4Son6omdXCnSOaApnpZw6MPCBA1dODA==
  
  svg.pathmorphing.js@^0.1.3:
    version "0.1.3"
    resolved "https://registry.npmjs.org/svg.pathmorphing.js/-/svg.pathmorphing.js-0.1.3.tgz"
    integrity sha512-49HWI9X4XQR/JG1qXkSDV8xViuTLIWm/B/7YuQELV5KMOPtXjiwH4XPJvr/ghEDibmLQ9Oc22dpWpG0vUDDNww==
    dependencies:
      svg.js "^2.4.0"
  
  svg.resize.js@^1.4.3:
    version "1.4.3"
    resolved "https://registry.npmjs.org/svg.resize.js/-/svg.resize.js-1.4.3.tgz"
    integrity sha512-9k5sXJuPKp+mVzXNvxz7U0uC9oVMQrrf7cFsETznzUDDm0x8+77dtZkWdMfRlmbkEEYvUn9btKuZ3n41oNA+uw==
    dependencies:
      svg.js "^2.6.5"
      svg.select.js "^2.1.2"
  
  svg.select.js@^2.1.2:
    version "2.1.2"
    resolved "https://registry.npmjs.org/svg.select.js/-/svg.select.js-2.1.2.tgz"
    integrity sha512-tH6ABEyJsAOVAhwcCjF8mw4crjXSI1aa7j2VQR8ZuJ37H2MBUbyeqYr5nEO7sSN3cy9AR9DUwNg0t/962HlDbQ==
    dependencies:
      svg.js "^2.2.5"
  
  svg.select.js@^3.0.1:
    version "3.0.1"
    resolved "https://registry.npmjs.org/svg.select.js/-/svg.select.js-3.0.1.tgz"
    integrity sha512-h5IS/hKkuVCbKSieR9uQCj9w+zLHoPh+ce19bBYyqF53g6mnPB8sAtIbe1s9dh2S2fCmYX2xel1Ln3PJBbK4kw==
    dependencies:
      svg.js "^2.6.5"
  
  tailwind-merge@^2.3.0, tailwind-merge@^2.5.2:
    version "2.5.2"
    resolved "https://registry.npmjs.org/tailwind-merge/-/tailwind-merge-2.5.2.tgz"
    integrity sha512-kjEBm+pvD+6eAwzJL2Bi+02/9LFLal1Gs61+QB7HvTfQQ0aXwC5LGT8PEt1gS0CWKktKe6ysPTAy3cBC5MeiIg==
  
  tiny-glob@^0.2.9:
    version "0.2.9"
    resolved "https://registry.npmjs.org/tiny-glob/-/tiny-glob-0.2.9.tgz"
    integrity sha512-g/55ssRPUjShh+xkfx9UPDXqhckHEsHr4Vd9zX55oSdGZc/MD0m3sferOkwWtp98bv+kcVfEHtRJgBVJzelrzg==
    dependencies:
      globalyzer "0.1.0"
      globrex "^0.1.2"
  
  to-regex-range@^5.0.1:
    version "5.0.1"
    resolved "https://registry.npmjs.org/to-regex-range/-/to-regex-range-5.0.1.tgz"
    integrity sha512-65P7iz6X5yEr1cwcgvQxbbIw7Uk3gOy5dIdtZ4rDveLqhrdJP+Li/Hx6tyK0NEb+2GCyneCMJiGqrADCSNk8sQ==
    dependencies:
      is-number "^7.0.0"
  
  toml@^3.0.0:
    version "3.0.0"
    resolved "https://registry.npmjs.org/toml/-/toml-3.0.0.tgz"
    integrity sha512-y/mWCZinnvxjTKYhJ+pYxwD0mRLVvOtdS2Awbgxln6iEnt4rk0yBxeSBHkGJcPucRiG0e55mwWp+g/05rsrd6w==
  
  totalist@^3.0.0:
    version "3.0.1"
    resolved "https://registry.npmjs.org/totalist/-/totalist-3.0.1.tgz"
    integrity sha512-sf4i37nQ2LBx4m3wB74y+ubopq6W/dIzXg0FDGjsYnZHVa1Da8FH853wlL2gtUhg+xJXjfk3kUZS3BRoQeoQBQ==
  
  tslib@^2.0.3:
    version "2.7.0"
    resolved "https://registry.npmjs.org/tslib/-/tslib-2.7.0.tgz"
    integrity sha512-gLXCKdN1/j47AiHiOkJN69hJmcbGTHI0ImLmbYLHykhgeN0jVGola9yVjFgzCUklsZQMW55o+dW7IXv3RCXDzA==
  
  tweetnacl@^1.0.3:
    version "1.0.3"
    resolved "https://registry.npmjs.org/tweetnacl/-/tweetnacl-1.0.3.tgz"
    integrity sha512-6rt+RN7aOi1nGMyC4Xa5DdYiukl2UWCbcJft7YhxReBGQD7OAM8Pbxw6YMo4r2diNEA8FEmu32YOn9rhaiE5yw==
  
  "typescript@^4.9.4 || ^5.0.0", typescript@^5.0.0, typescript@>=5.0.0:
    version "5.6.2"
    resolved "https://registry.npmjs.org/typescript/-/typescript-5.6.2.tgz"
    integrity sha512-NW8ByodCSNCwZeghjN3o+JX5OFH0Ojg6sadjEKY4huZ52TqbJTJnDo5+Tw98lSy63NZvi4n+ez5m2u5d4PkZyw==
  
  ui-kit@^0.20.10:
    version "0.20.10"
    resolved "https://registry.npmjs.org/ui-kit/-/ui-kit-0.20.10.tgz"
    integrity sha512-69jDBMAXWSdib9h6Ub7m46q1K/HP4mVyJ7Pcfk6Yggdtf9LtSK1ZBrwZxcJadi+trG36bl0t6+LZEVxTfCJMuw==
    dependencies:
      color "^0.7.3"
      debounce "^1.0.0"
      dompurify "^0.8.5"
      object-assign "^4.0.1"
      sanitize-html "^1.11.1"
      scroll-to-element "^2.0.0"
      unique-id-mixin "^1.0.0"
  
  unique-id-mixin@^1.0.0:
    version "1.0.0"
    resolved "https://registry.npmjs.org/unique-id-mixin/-/unique-id-mixin-1.0.0.tgz"
    integrity sha512-MHsI0NdGy3qknbmZcu7k5tVRi4RKSGDv962jFWCxXXlpoJPonS2yQjl3ZBXvFwaBN7mAazTZ7ViWO2BUd/it+g==
  
  urijs@^1.19.1:
    version "1.19.11"
    resolved "https://registry.npmjs.org/urijs/-/urijs-1.19.11.tgz"
    integrity sha512-HXgFDgDommxn5/bIv0cnQZsPhHDA90NPHD6+c/v21U5+Sx5hoP8+dP9IZXBU1gIfvdRfhG8cel9QNPeionfcCQ==
  
  "vite@^3.0.0 || ^4.0.0 || ^5.0.0", vite@^5.0.0, vite@^5.0.11, vite@^5.0.3:
    version "5.4.7"
    resolved "https://registry.npmjs.org/vite/-/vite-5.4.7.tgz"
    integrity sha512-5l2zxqMEPVENgvzTuBpHer2awaetimj2BGkhBPdnwKbPNOlHsODU+oiazEZzLK7KhAnOrO+XGYJYn4ZlUhDtDQ==
    dependencies:
      esbuild "^0.21.3"
      postcss "^8.4.43"
      rollup "^4.20.0"
    optionalDependencies:
      fsevents "~2.3.3"
  
  vitefu@^0.2.5:
    version "0.2.5"
    resolved "https://registry.npmjs.org/vitefu/-/vitefu-0.2.5.tgz"
    integrity sha512-SgHtMLoqaeeGnd2evZ849ZbACbnwQCIwRH57t18FxcXoZop0uQu0uzlIhJBlF/eWVzuce0sHeqPcDo+evVcg8Q==
  
  w3c-keyname@^2.2.4:
    version "2.2.8"
    resolved "https://registry.npmjs.org/w3c-keyname/-/w3c-keyname-2.2.8.tgz"
    integrity sha512-dpojBhNsCNN7T82Tm7k26A6G9ML3NkhDsnw9n/eoxSRlVBB4CEtIQ/KTCLI2Fwf3ataSXRhYFkQi3SlnFwPvPQ==
  
  wrappy@1:
    version "1.0.2"
    resolved "https://registry.npmjs.org/wrappy/-/wrappy-1.0.2.tgz"
    integrity sha512-l4Sp/DRseor9wL6EvV2+TuQn63dMkPjZ/sp9XkghTEbV9KlPS1xUsZ3u7/IQO4wxtcFB4bgpQPRcR3QCvezPcQ==
